[ 2017-01-11T08:43:51+08:00 ] ::1 /xiangm/
INFO: [ app_init ] --START--
INFO: Run Behavior\BuildLiteBehavior [ RunTime:0.000031s ]
INFO: [ app_init ] --END-- [ RunTime:0.001499s ]

[ 2017-01-11T08:45:13+08:00 ] ::1 /xiangm/index.php/Home/Index/home?
INFO: [ app_init ] --START--
INFO: Run Behavior\BuildLiteBehavior [ RunTime:0.000032s ]
INFO: [ app_init ] --END-- [ RunTime:0.000587s ]

[ 2017-01-11T08:45:37+08:00 ] ::1 /xiangm/index.php/Home/Index/tizhi.html
INFO: [ app_init ] --START--
INFO: Run Behavior\BuildLiteBehavior [ RunTime:0.000035s ]
INFO: [ app_init ] --END-- [ RunTime:0.000655s ]

[ 2017-01-11T09:07:27+08:00 ] ::1 /xiangm/index.php/Home/Index/tizhi.html
INFO: [ app_init ] --START--
INFO: Run Behavior\BuildLiteBehavior [ RunTime:0.000036s ]
INFO: [ app_init ] --END-- [ RunTime:0.000785s ]

[ 2017-01-11T09:07:29+08:00 ] ::1 /xiangm/index.php/Home/Index/tizhi.html
INFO: [ app_init ] --START--
INFO: Run Behavior\BuildLiteBehavior [ RunTime:0.000077s ]
INFO: [ app_init ] --END-- [ RunTime:0.001475s ]

[ 2017-01-11T09:07:40+08:00 ] ::1 /xiangm/index.php/Home/Index/tizhi.html
INFO: [ app_init ] --START--
INFO: Run Behavior\BuildLiteBehavior [ RunTime:0.000044s ]
INFO: [ app_init ] --END-- [ RunTime:0.000873s ]

[ 2017-01-11T09:37:31+08:00 ] ::1 /xiangm/index.php/Home/Index/tizhi.html
INFO: [ app_init ] --START--
INFO: Run Behavior\BuildLiteBehavior [ RunTime:0.000036s ]
INFO: [ app_init ] --END-- [ RunTime:0.000705s ]

[ 2017-01-11T09:39:49+08:00 ] ::1 /xiangm/index.php/Home/Index/tizhi.html
INFO: [ app_init ] --START--
INFO: Run Behavior\BuildLiteBehavior [ RunTime:0.000042s ]
INFO: [ app_init ] --END-- [ RunTime:0.000832s ]

[ 2017-01-11T09:42:09+08:00 ] ::1 /xiangm/index.php/Home/Index/tizhi.html
INFO: [ app_init ] --START--
INFO: Run Behavior\BuildLiteBehavior [ RunTime:0.000076s ]
INFO: [ app_init ] --END-- [ RunTime:0.001144s ]

[ 2017-01-11T09:44:52+08:00 ] ::1 /xiangm/index.php/Home/Index/tizhi.html
INFO: [ app_init ] --START--
INFO: Run Behavior\BuildLiteBehavior [ RunTime:0.000041s ]
INFO: [ app_init ] --END-- [ RunTime:0.000862s ]

[ 2017-01-11T09:46:30+08:00 ] ::1 /xiangm/index.php/Home/Index/tizhi.html
INFO: [ app_init ] --START--
INFO: Run Behavior\BuildLiteBehavior [ RunTime:0.000049s ]
INFO: [ app_init ] --END-- [ RunTime:0.000895s ]

[ 2017-01-11T09:47:43+08:00 ] ::1 /xiangm/index.php/Home/Index/tizhi.html
INFO: [ app_init ] --START--
INFO: Run Behavior\BuildLiteBehavior [ RunTime:0.000036s ]
INFO: [ app_init ] --END-- [ RunTime:0.000653s ]

[ 2017-01-11T09:54:09+08:00 ] ::1 /xiangm/index.php/Home/Index/tizhi.html
INFO: [ app_init ] --START--
INFO: Run Behavior\BuildLiteBehavior [ RunTime:0.000035s ]
INFO: [ app_init ] --END-- [ RunTime:0.000770s ]

[ 2017-01-11T09:59:55+08:00 ] ::1 /xiangm/index.php/Home/Index/tizhi.html
INFO: [ app_init ] --START--
INFO: Run Behavior\BuildLiteBehavior [ RunTime:0.000050s ]
INFO: [ app_init ] --END-- [ RunTime:0.000986s ]

[ 2017-01-11T10:31:59+08:00 ] ::1 /xiangm/index.php/Home/Index/tizhi.html
INFO: [ app_init ] --START--
INFO: Run Behavior\BuildLiteBehavior [ RunTime:0.000079s ]
INFO: [ app_init ] --END-- [ RunTime:0.001559s ]

[ 2017-01-11T10:50:50+08:00 ] ::1 /xiangm/index.php/Home/Index/tizhi.html
INFO: [ app_init ] --START--
INFO: Run Behavior\BuildLiteBehavior [ RunTime:0.000033s ]
INFO: [ app_init ] --END-- [ RunTime:0.000637s ]

[ 2017-01-11T10:55:30+08:00 ] ::1 /xiangm/index.php/Home/Index/tizhi.html
INFO: [ app_init ] --START--
INFO: Run Behavior\BuildLiteBehavior [ RunTime:0.000032s ]
INFO: [ app_init ] --END-- [ RunTime:0.000605s ]

[ 2017-01-11T10:57:39+08:00 ] ::1 /xiangm/index.php/Home/Index/tizhi.html
INFO: [ app_init ] --START--
INFO: Run Behavior\BuildLiteBehavior [ RunTime:0.000032s ]
INFO: [ app_init ] --END-- [ RunTime:0.000591s ]

[ 2017-01-11T11:19:41+08:00 ] ::1 /xiangm/index.php/Home/Index/tizhi.html
INFO: [ app_init ] --START--
INFO: Run Behavior\BuildLiteBehavior [ RunTime:0.000044s ]
INFO: [ app_init ] --END-- [ RunTime:0.001182s ]

[ 2017-01-11T11:57:36+08:00 ] ::1 /xiangm/index.php/Home/Index/tizhi.html
INFO: [ app_init ] --START--
INFO: Run Behavior\BuildLiteBehavior [ RunTime:0.000035s ]
INFO: [ app_init ] --END-- [ RunTime:0.000689s ]

[ 2017-01-11T13:52:11+08:00 ] ::1 /xiangm/index.php/Home/Index/yuyue.html
INFO: [ app_init ] --START--
INFO: Run Behavior\BuildLiteBehavior [ RunTime:0.000075s ]
INFO: [ app_init ] --END-- [ RunTime:0.002110s ]

[ 2017-01-11T13:54:32+08:00 ] ::1 /xiangm/index.php/Home/Index/tizhi.html
INFO: [ app_init ] --START--
INFO: Run Behavior\BuildLiteBehavior [ RunTime:0.000032s ]
INFO: [ app_init ] --END-- [ RunTime:0.000604s ]

[ 2017-01-11T13:54:46+08:00 ] ::1 /xiangm/index.php/Home/Index/tizhi.html
INFO: [ app_init ] --START--
INFO: Run Behavior\BuildLiteBehavior [ RunTime:0.000070s ]
INFO: [ app_init ] --END-- [ RunTime:0.000816s ]

[ 2017-01-11T13:55:13+08:00 ] ::1 /xiangm/index.php/Home/Index/tizhi.html
INFO: [ app_init ] --START--
INFO: Run Behavior\BuildLiteBehavior [ RunTime:0.000036s ]
INFO: [ app_init ] --END-- [ RunTime:0.000691s ]

[ 2017-01-11T13:55:19+08:00 ] ::1 /xiangm/index.php/Home/Index/tizhi.html
INFO: [ app_init ] --START--
INFO: Run Behavior\BuildLiteBehavior [ RunTime:0.000035s ]
INFO: [ app_init ] --END-- [ RunTime:0.000710s ]

[ 2017-01-11T13:55:23+08:00 ] ::1 /xiangm/index.php/Home/Index/tizhi.html
INFO: [ app_init ] --START--
INFO: Run Behavior\BuildLiteBehavior [ RunTime:0.000037s ]
INFO: [ app_init ] --END-- [ RunTime:0.000747s ]

[ 2017-01-11T13:55:46+08:00 ] ::1 /xiangm/index.php/Home/Index/tizhi.html
INFO: [ app_init ] --START--
INFO: Run Behavior\BuildLiteBehavior [ RunTime:0.000035s ]
INFO: [ app_init ] --END-- [ RunTime:0.000689s ]

[ 2017-01-11T13:55:58+08:00 ] ::1 /xiangm/index.php/Home/Index/tizhi.html
INFO: [ app_init ] --START--
INFO: Run Behavior\BuildLiteBehavior [ RunTime:0.000040s ]
INFO: [ app_init ] --END-- [ RunTime:0.000682s ]

